<?xml version="1.0" encoding="UTF-8"?>
<!-- Generated by org.testng.reporters.JUnitReportReporter -->
<testsuite skipped="0" hostname="LAPTOP-FCF0NK19" name="executeClasses.DummyDeliveryBoy" tests="1" failures="0" timestamp="2022-03-19T15:26:31 IST" time="7.377" errors="0">
  <testcase name="verifyUserAbleToSearchASpecificDeliverBoy" time="7.377" classname="executeClasses.DummyDeliveryBoy"/>
  <system-out/>
</testsuite> <!-- executeClasses.DummyDeliveryBoy -->
