<?xml version="1.0" encoding="UTF-8"?>
<!-- Generated by org.testng.reporters.JUnitReportReporter -->
<testsuite skipped="0" hostname="LAPTOP-FCF0NK19" name="executeClasses.ExecuteManageCategory" tests="4" failures="0" timestamp="2022-03-21T22:01:17 IST" time="24.269" errors="0">
  <testcase name="verifyUserAbleToNavigateToAddSubCategoryPage" time="7.169" classname="executeClasses.ExecuteManageCategory"/>
  <system-out/>
  <testcase name="verifyUserCanEditSubCategoryInformation" time="6.847" classname="executeClasses.ExecuteManageCategory"/>
  <system-out/>
  <testcase name="verifyUserAbleToNavigateToAddCategoryPage" time="6.149" classname="executeClasses.ExecuteManageCategory"/>
  <system-out/>
  <testcase name="verifyTextOfNextButton" time="4.104" classname="executeClasses.ExecuteManageCategory"/>
  <system-out/>
</testsuite> <!-- executeClasses.ExecuteManageCategory -->
