<?xml version="1.0" encoding="UTF-8"?>
<!-- Generated by org.testng.reporters.JUnitReportReporter -->
<testsuite skipped="0" hostname="LAPTOP-FCF0NK19" name="executeClasses.ExecuteExpenseCategory" tests="5" failures="0" timestamp="2022-03-21T22:01:17 IST" time="29.310" errors="0">
  <testcase name="verifyUserAbleToAddExpenseCategory" time="4.323" classname="executeClasses.ExecuteExpenseCategory"/>
  <system-out/>
  <testcase name="verifyErrorMessageForNoMatch" time="10.248" classname="executeClasses.ExecuteExpenseCategory"/>
  <system-out/>
  <testcase name="verifyThatUserIsAbleToSearchExpenseCategory" time="3.850" classname="executeClasses.ExecuteExpenseCategory"/>
  <system-out/>
  <testcase name="verifyNoTwoExpensesWithSameNameCanBeCreated" time="4.377" classname="executeClasses.ExecuteExpenseCategory"/>
  <system-out/>
  <testcase name="verifyTextOfNewButton" time="6.512" classname="executeClasses.ExecuteExpenseCategory"/>
  <system-out/>
</testsuite> <!-- executeClasses.ExecuteExpenseCategory -->
