<?xml version="1.0" encoding="UTF-8"?>
<!-- Generated by org.testng.reporters.JUnitReportReporter -->
<testsuite skipped="0" hostname="LAPTOP-FCF0NK19" name="executeClasses.ExecuteManageOrder" tests="4" failures="0" timestamp="2022-03-21T22:01:17 IST" time="26.163" errors="0">
  <testcase name="verifyErrorMessageforNoSearch" time="8.543" classname="executeClasses.ExecuteManageOrder"/>
  <system-out/>
  <testcase name="verifyWorkingOfResetButton" time="5.082" classname="executeClasses.ExecuteManageOrder"/>
  <system-out/>
  <testcase name="verifyUserCanChangeDeliveryTime" time="6.890" classname="executeClasses.ExecuteManageOrder"/>
  <system-out/>
  <testcase name="verifyUserIsAbleToViewOrderDetails" time="5.648" classname="executeClasses.ExecuteManageOrder"/>
  <system-out/>
</testsuite> <!-- executeClasses.ExecuteManageOrder -->
