<?xml version="1.0" encoding="UTF-8"?>
<!-- Generated by org.testng.reporters.JUnitReportReporter -->
<testsuite skipped="0" hostname="LAPTOP-FCF0NK19" name="executeClasses.ExecuteManageLocation" tests="4" failures="0" timestamp="2022-03-21T22:09:32 IST" time="29.009" errors="0">
  <testcase name="verifyUserAbleToSearchLocationWithCountryName" time="4.316" classname="executeClasses.ExecuteManageLocation"/>
  <system-out/>
  <testcase name="verifyErrorMessageForNoMatch" time="5.701" classname="executeClasses.ExecuteManageLocation"/>
  <system-out/>
  <testcase name="verifyUserAbleToAddLocation" time="9.568" classname="executeClasses.ExecuteManageLocation"/>
  <system-out/>
  <testcase name="verifyUserAbleToChangeLocationStatus" time="9.424" classname="executeClasses.ExecuteManageLocation"/>
  <system-out/>
</testsuite> <!-- executeClasses.ExecuteManageLocation -->
