<?xml version="1.0" encoding="UTF-8"?>
<!-- Generated by org.testng.reporters.JUnitReportReporter -->
<testsuite skipped="0" hostname="LAPTOP-FCF0NK19" name="executeClasses.ExecuteManageGroups" tests="5" failures="0" timestamp="2022-03-21T22:06:52 IST" time="32.326" errors="0">
  <testcase name="verifyNoTwoGroupsWithSameNameCanBeCreated" time="4.714" classname="executeClasses.ExecuteManageGroups"/>
  <system-out/>
  <testcase name="verifyUserAbleToSearchASpecificGroup" time="8.527" classname="executeClasses.ExecuteManageGroups"/>
  <system-out/>
  <testcase name="verifyUserCanDeleteASpecificGroup" time="7.388" classname="executeClasses.ExecuteManageGroups"/>
  <system-out/>
  <testcase name="verifyUserAbleToCreateGroup" time="5.699" classname="executeClasses.ExecuteManageGroups"/>
  <system-out/>
  <testcase name="verifyErrorMessageForInvalidSearch" time="5.998" classname="executeClasses.ExecuteManageGroups"/>
  <system-out/>
</testsuite> <!-- executeClasses.ExecuteManageGroups -->
