<?xml version="1.0" encoding="UTF-8"?>
<!-- Generated by org.testng.reporters.JUnitReportReporter -->
<testsuite skipped="0" hostname="LAPTOP-FCF0NK19" name="executeClasses.ExecuteLogin" tests="5" failures="0" timestamp="2022-03-21T22:01:17 IST" time="14.849" errors="0">
  <testcase name="verifyUserAbleToLoginWithValidCredentials" time="2.615" classname="executeClasses.ExecuteLogin"/>
  <system-out/>
  <testcase name="verifyLoggedUsername" time="3.335" classname="executeClasses.ExecuteLogin"/>
  <system-out/>
  <testcase name="verifyLoginButtonText" time="4.094" classname="executeClasses.ExecuteLogin"/>
  <system-out/>
  <testcase name="verifyUserIsAbleToClickRemembermeCheckBox" time="2.489" classname="executeClasses.ExecuteLogin"/>
  <system-out/>
  <testcase name="verifyThatUserCannotLoginWithInvalidCredentials" time="2.316" classname="executeClasses.ExecuteLogin"/>
  <system-out/>
</testsuite> <!-- executeClasses.ExecuteLogin -->
