<?xml version="1.0" encoding="UTF-8"?>
<!-- Generated by org.testng.reporters.JUnitReportReporter -->
<testsuite skipped="0" hostname="LAPTOP-FCF0NK19" name="executeClasses.ExecuteManageDeliverBoyPage" tests="3" failures="0" timestamp="2022-03-21T22:01:17 IST" time="17.676" errors="0">
  <testcase name="verifyUserIsAbleToChangeStatusOfDeliveryBoy" time="7.621" classname="executeClasses.ExecuteManageDeliverBoyPage"/>
  <system-out/>
  <testcase name="verifyUserAbleToSearchASpecificDeliverBoy" time="4.167" classname="executeClasses.ExecuteManageDeliverBoyPage"/>
  <system-out/>
  <testcase name="verifyErrorMessageForNoMatch" time="5.888" classname="executeClasses.ExecuteManageDeliverBoyPage"/>
  <system-out/>
</testsuite> <!-- executeClasses.ExecuteManageDeliverBoyPage -->
