<?xml version="1.0" encoding="UTF-8"?>
<!-- Generated by org.testng.reporters.JUnitReportReporter -->
<testsuite skipped="0" hostname="LAPTOP-FCF0NK19" name="executeClasses.ExecuteManageCOD" tests="1" failures="0" timestamp="2022-03-21T22:01:17 IST" time="4.052" errors="0">
  <testcase name="verifyUserAbleToEditCODInformation" time="4.052" classname="executeClasses.ExecuteManageCOD"/>
  <system-out/>
</testsuite> <!-- executeClasses.ExecuteManageCOD -->
